<?xml version="1.0" encoding="UTF-8"?>
<coverage generated="1768119274757" clover="3.2.0">
  <project timestamp="1768119274757" name="All files">
    <metrics statements="16" coveredstatements="9" conditionals="6" coveredconditionals="2" methods="10" coveredmethods="4" elements="32" coveredelements="15" complexity="0" loc="16" ncloc="16" packages="1" files="3" classes="3"/>
    <file name="App.tsx" path="/Users/andisultan/Github/react-rnd/dashboard/src/App.tsx">
      <metrics statements="3" coveredstatements="0" conditionals="0" coveredconditionals="0" methods="3" coveredmethods="0"/>
      <line num="7" count="0" type="stmt"/>
      <line num="9" count="0" type="stmt"/>
      <line num="21" count="0" type="stmt"/>
    </file>
    <file name="Todo.tsx" path="/Users/andisultan/Github/react-rnd/dashboard/src/Todo.tsx">
      <metrics statements="12" coveredstatements="9" conditionals="6" coveredconditionals="2" methods="7" coveredmethods="4"/>
      <line num="10" count="4" type="stmt"/>
      <line num="11" count="4" type="stmt"/>
      <line num="14" count="1" type="cond" truecount="1" falsecount="1"/>
      <line num="15" count="1" type="stmt"/>
      <line num="21" count="1" type="stmt"/>
      <line num="22" count="1" type="stmt"/>
      <line num="27" count="0" type="stmt"/>
      <line num="28" count="0" type="cond" truecount="0" falsecount="2"/>
      <line num="32" count="4" type="stmt"/>
      <line num="39" count="1" type="stmt"/>
      <line num="48" count="1" type="stmt"/>
      <line num="51" count="0" type="stmt"/>
    </file>
    <file name="main.tsx" path="/Users/andisultan/Github/react-rnd/dashboard/src/main.tsx">
      <metrics statements="1" coveredstatements="0" conditionals="0" coveredconditionals="0" methods="0" coveredmethods="0"/>
      <line num="6" count="0" type="stmt"/>
    </file>
  </project>
</coverage>
