{"/Users/andisultan/Github/react-rnd/dashboard/src/App.tsx": {"path":"/Users/andisultan/Github/react-rnd/dashboard/src/App.tsx","statementMap":{"0":{"start":{"line":7,"column":25},"end":{"line":7,"column":null}},"1":{"start":{"line":9,"column":2},"end":{"line":28,"column":null}},"2":{"start":{"line":21,"column":31},"end":{"line":21,"column":63}},"3":{"start":{"line":21,"column":51},"end":{"line":21,"column":63}}},"fnMap":{"0":{"name":"App","decl":{"start":{"line":6,"column":9},"end":{"line":6,"column":null}},"loc":{"start":{"line":6,"column":9},"end":{"line":33,"column":null}},"line":6},"1":{"name":"(anonymous_1)","decl":{"start":{"line":21,"column":25},"end":{"line":21,"column":31}},"loc":{"start":{"line":21,"column":31},"end":{"line":21,"column":63}},"line":21},"2":{"name":"(anonymous_2)","decl":{"start":{"line":21,"column":40},"end":{"line":21,"column":41}},"loc":{"start":{"line":21,"column":51},"end":{"line":21,"column":63}},"line":21}},"branchMap":{},"s":{"0":0,"1":0,"2":0,"3":0},"f":{"0":0,"1":0,"2":0},"b":{},"meta":{"lastBranch":0,"lastFunction":3,"lastStatement":4,"seen":{"f:6:9:6:Infinity":0,"s:7:25:7:Infinity":0,"s:9:2:28:Infinity":1,"f:21:25:21:31":1,"s:21:31:21:63":2,"f:21:40:21:41":2,"s:21:51:21:63":3}}}
,"/Users/andisultan/Github/react-rnd/dashboard/src/Todo.tsx": {"path":"/Users/andisultan/Github/react-rnd/dashboard/src/Todo.tsx","statementMap":{"0":{"start":{"line":10,"column":25},"end":{"line":10,"column":null}},"1":{"start":{"line":11,"column":25},"end":{"line":11,"column":null}},"2":{"start":{"line":14,"column":4},"end":{"line":23,"column":null}},"3":{"start":{"line":15,"column":28},"end":{"line":19,"column":null}},"4":{"start":{"line":21,"column":6},"end":{"line":21,"column":null}},"5":{"start":{"line":22,"column":6},"end":{"line":22,"column":null}},"6":{"start":{"line":27,"column":4},"end":{"line":28,"column":null}},"7":{"start":{"line":28,"column":26},"end":{"line":28,"column":null}},"8":{"start":{"line":32,"column":2},"end":{"line":50,"column":null}},"9":{"start":{"line":39,"column":27},"end":{"line":39,"column":null}},"10":{"start":{"line":48,"column":20},"end":{"line":50,"column":null}},"11":{"start":{"line":51,"column":27},"end":{"line":51,"column":null}}},"fnMap":{"0":{"name":"Todo","decl":{"start":{"line":9,"column":24},"end":{"line":9,"column":null}},"loc":{"start":{"line":9,"column":24},"end":{"line":61,"column":null}},"line":9},"1":{"name":"addTodo","decl":{"start":{"line":13,"column":11},"end":{"line":13,"column":null}},"loc":{"start":{"line":13,"column":11},"end":{"line":24,"column":null}},"line":13},"2":{"name":"toggleTodo","decl":{"start":{"line":26,"column":11},"end":{"line":26,"column":22}},"loc":{"start":{"line":26,"column":32},"end":{"line":30,"column":null}},"line":26},"3":{"name":"(anonymous_3)","decl":{"start":{"line":28,"column":16},"end":{"line":28,"column":17}},"loc":{"start":{"line":28,"column":26},"end":{"line":28,"column":null}},"line":28},"4":{"name":"(anonymous_4)","decl":{"start":{"line":39,"column":20},"end":{"line":39,"column":21}},"loc":{"start":{"line":39,"column":27},"end":{"line":39,"column":null}},"line":39},"5":{"name":"(anonymous_5)","decl":{"start":{"line":48,"column":19},"end":{"line":48,"column":20}},"loc":{"start":{"line":48,"column":20},"end":{"line":50,"column":null}},"line":48},"6":{"name":"(anonymous_6)","decl":{"start":{"line":51,"column":21},"end":{"line":51,"column":27}},"loc":{"start":{"line":51,"column":27},"end":{"line":51,"column":null}},"line":51}},"branchMap":{"0":{"loc":{"start":{"line":14,"column":4},"end":{"line":23,"column":null}},"type":"if","locations":[{"start":{"line":14,"column":4},"end":{"line":23,"column":null}},{"start":{},"end":{}}],"line":14},"1":{"loc":{"start":{"line":28,"column":26},"end":{"line":28,"column":null}},"type":"cond-expr","locations":[{"start":{"line":28,"column":43},"end":{"line":28,"column":84}},{"start":{"line":28,"column":84},"end":{"line":28,"column":null}}],"line":28},"2":{"loc":{"start":{"line":52,"column":37},"end":{"line":52,"column":78}},"type":"cond-expr","locations":[{"start":{"line":52,"column":54},"end":{"line":52,"column":71}},{"start":{"line":52,"column":71},"end":{"line":52,"column":78}}],"line":52}},"s":{"0":4,"1":4,"2":1,"3":1,"4":1,"5":1,"6":0,"7":0,"8":4,"9":1,"10":1,"11":0},"f":{"0":4,"1":1,"2":0,"3":0,"4":1,"5":1,"6":0},"b":{"0":[1,0],"1":[0,0],"2":[0,1]},"meta":{"lastBranch":3,"lastFunction":7,"lastStatement":12,"seen":{"f:9:24:9:Infinity":0,"s:10:25:10:Infinity":0,"s:11:25:11:Infinity":1,"f:13:11:13:Infinity":1,"b:14:4:23:Infinity:undefined:undefined:undefined:undefined":0,"s:14:4:23:Infinity":2,"s:15:28:19:Infinity":3,"s:21:6:21:Infinity":4,"s:22:6:22:Infinity":5,"f:26:11:26:22":2,"s:27:4:28:Infinity":6,"f:28:16:28:17":3,"s:28:26:28:Infinity":7,"b:28:43:28:84:28:84:28:Infinity":1,"s:32:2:50:Infinity":8,"f:39:20:39:21":4,"s:39:27:39:Infinity":9,"f:48:19:48:20":5,"s:48:20:50:Infinity":10,"f:51:21:51:27":6,"s:51:27:51:Infinity":11,"b:52:54:52:71:52:71:52:78":2}}}
,"/Users/andisultan/Github/react-rnd/dashboard/src/main.tsx": {"path":"/Users/andisultan/Github/react-rnd/dashboard/src/main.tsx","statementMap":{"0":{"start":{"line":6,"column":0},"end":{"line":8,"column":null}}},"fnMap":{},"branchMap":{},"s":{"0":0},"f":{},"b":{},"meta":{"lastBranch":0,"lastFunction":0,"lastStatement":1,"seen":{"s:6:0:8:Infinity":0}}}
}
